app/build/intermediates/manifest_merge_blame_file/release/manifest-merger-blame-release-report.txt
1<?xml version="1.0" encoding="utf-8"?>
2<manifest xmlns:android="http://schemas.android.com/apk/res/android"
3    package="com.ambitious.fghvendor"
4    android:versionCode="4"
5    android:versionName="2.2" >
6
7    <uses-sdk
8        android:minSdkVersion="24"
8-->src\main\AndroidManifest.xml
9        android:targetSdkVersion="32" />
9-->src\main\AndroidManifest.xml
10
11    <uses-permission android:name="android.permission.INTERNET" />
11-->src\main\AndroidManifest.xml:6:5-67
11-->src\main\AndroidManifest.xml:6:22-64
12    <uses-permission android:name="android.permission.ACCESS_NETWORK_STATE" />
12-->src\main\AndroidManifest.xml:7:5-79
12-->src\main\AndroidManifest.xml:7:22-76
13    <uses-permission android:name="android.permission.READ_EXTERNAL_STORAGE" />
13-->src\main\AndroidManifest.xml:8:5-80
13-->src\main\AndroidManifest.xml:8:22-77
14    <uses-permission android:name="android.permission.WRITE_EXTERNAL_STORAGE" />
14-->src\main\AndroidManifest.xml:9:5-10:40
14-->src\main\AndroidManifest.xml:9:22-78
15    <uses-permission android:name="android.permission.ACCESS_FINE_LOCATION" />
15-->src\main\AndroidManifest.xml:11:5-79
15-->src\main\AndroidManifest.xml:11:22-76
16    <uses-permission android:name="android.permission.ACCESS_COARSE_LOCATION" />
16-->src\main\AndroidManifest.xml:12:5-81
16-->src\main\AndroidManifest.xml:12:22-78
17    <uses-permission android:name="android.permission.CAMERA" /> <!-- Don't require camera, as this requires a rear camera. This allows it to work on the Nexus 7 -->
17-->[com.journeyapps:zxing-android-embedded:4.2.0] AndroidManifest.xml:22:5-65
17-->[com.journeyapps:zxing-android-embedded:4.2.0] AndroidManifest.xml:22:22-62
18    <uses-feature
18-->[com.journeyapps:zxing-android-embedded:4.2.0] AndroidManifest.xml:25:5-27:36
19        android:name="android.hardware.camera"
19-->[com.journeyapps:zxing-android-embedded:4.2.0] AndroidManifest.xml:26:9-47
20        android:required="false" />
20-->[com.journeyapps:zxing-android-embedded:4.2.0] AndroidManifest.xml:27:9-33
21    <uses-feature
21-->[com.journeyapps:zxing-android-embedded:4.2.0] AndroidManifest.xml:28:5-30:36
22        android:name="android.hardware.camera.front"
22-->[com.journeyapps:zxing-android-embedded:4.2.0] AndroidManifest.xml:29:9-53
23        android:required="false" /> <!-- TODO replace above two with next line after Android 4.2 -->
23-->[com.journeyapps:zxing-android-embedded:4.2.0] AndroidManifest.xml:30:9-33
24    <!-- <uses-feature android:name="android.hardware.camera.any"/> -->
25    <uses-feature
25-->[com.journeyapps:zxing-android-embedded:4.2.0] AndroidManifest.xml:33:5-35:36
26        android:name="android.hardware.camera.autofocus"
26-->[com.journeyapps:zxing-android-embedded:4.2.0] AndroidManifest.xml:34:9-57
27        android:required="false" />
27-->[com.journeyapps:zxing-android-embedded:4.2.0] AndroidManifest.xml:35:9-33
28    <uses-feature
28-->[com.journeyapps:zxing-android-embedded:4.2.0] AndroidManifest.xml:36:5-38:36
29        android:name="android.hardware.camera.flash"
29-->[com.journeyapps:zxing-android-embedded:4.2.0] AndroidManifest.xml:37:9-53
30        android:required="false" />
30-->[com.journeyapps:zxing-android-embedded:4.2.0] AndroidManifest.xml:38:9-33
31    <uses-feature
31-->[com.journeyapps:zxing-android-embedded:4.2.0] AndroidManifest.xml:39:5-41:36
32        android:name="android.hardware.screen.landscape"
32-->[com.journeyapps:zxing-android-embedded:4.2.0] AndroidManifest.xml:40:9-57
33        android:required="false" />
33-->[com.journeyapps:zxing-android-embedded:4.2.0] AndroidManifest.xml:41:9-33
34    <uses-feature
34-->[com.journeyapps:zxing-android-embedded:4.2.0] AndroidManifest.xml:42:5-44:36
35        android:name="android.hardware.wifi"
35-->[com.journeyapps:zxing-android-embedded:4.2.0] AndroidManifest.xml:43:9-45
36        android:required="false" />
36-->[com.journeyapps:zxing-android-embedded:4.2.0] AndroidManifest.xml:44:9-33
37
38    <uses-permission android:name="android.permission.POST_NOTIFICATIONS" />
38-->[com.google.firebase:firebase-messaging:23.0.7] AndroidManifest.xml:26:5-77
38-->[com.google.firebase:firebase-messaging:23.0.7] AndroidManifest.xml:26:22-74
39    <uses-permission android:name="android.permission.WAKE_LOCK" /> <!-- Required by older versions of Google Play services to create IID tokens -->
39-->[com.google.firebase:firebase-messaging:23.0.7] AndroidManifest.xml:27:5-68
39-->[com.google.firebase:firebase-messaging:23.0.7] AndroidManifest.xml:27:22-65
40    <uses-permission android:name="com.google.android.c2dm.permission.RECEIVE" />
40-->[com.google.firebase:firebase-messaging:23.0.7] AndroidManifest.xml:29:5-82
40-->[com.google.firebase:firebase-messaging:23.0.7] AndroidManifest.xml:29:22-79
41    <!--
42 <uses-permission
43        android:name="android.permission.QUERY_ALL_PACKAGES"
44        tools:ignore="QueryAllPackagesPermission" />
45    -->
46    <!--
47<uses-permission
48        android:name="android.permission.MANAGE_EXTERNAL_STORAGE"
49        tools:ignore="ScopedStorage" />
50    -->
51    <!--
52    <queries>
53        <package android:name="com.whatsapp" />
54        <package android:name="com.facebook.orca" />
55        <package android:name="com.facebook.katana" />
56        <package android:name="com.google.android.apps.nbu.paisa.user" />
57        <package android:name="com.phonepe.app" />
58
59        <intent>
60            <action android:name="android.intent.action.SEND" />
61        </intent>
62        <intent>
63            <action android:name="android.intent.action.MAIN" />
64        </intent>
65    </queries>
66    -->
67    <application
67-->src\main\AndroidManifest.xml:37:5-426:19
68        android:allowBackup="true"
68-->src\main\AndroidManifest.xml:38:9-35
69        android:appComponentFactory="androidx.core.app.CoreComponentFactory"
69-->[androidx.core:core:1.3.0] AndroidManifest.xml:24:18-86
70        android:extractNativeLibs="false"
71        android:icon="@drawable/launcher"
71-->src\main\AndroidManifest.xml:39:9-42
72        android:label="@string/app_name"
72-->src\main\AndroidManifest.xml:40:9-41
73        android:networkSecurityConfig="@xml/network_security_config"
73-->src\main\AndroidManifest.xml:41:9-69
74        android:requestLegacyExternalStorage="true"
74-->src\main\AndroidManifest.xml:42:9-52
75        android:roundIcon="@drawable/launcher"
75-->src\main\AndroidManifest.xml:43:9-47
76        android:supportsRtl="true"
76-->src\main\AndroidManifest.xml:44:9-35
77        android:theme="@style/AppTheme" >
77-->src\main\AndroidManifest.xml:45:9-40
78        <activity
78-->src\main\AndroidManifest.xml:47:9-49:39
79            android:name="com.ambitious.fghvendor.Activities.QrCodeActivity"
79-->src\main\AndroidManifest.xml:48:13-77
80            android:exported="true" />
80-->src\main\AndroidManifest.xml:49:13-36
81        <activity
81-->src\main\AndroidManifest.xml:50:9-52:39
82            android:name="com.ambitious.fghvendor.Activities.PaidSuccessActivity"
82-->src\main\AndroidManifest.xml:51:13-82
83            android:exported="true" />
83-->src\main\AndroidManifest.xml:52:13-36
84        <activity
84-->src\main\AndroidManifest.xml:53:9-55:39
85            android:name="com.ambitious.fghvendor.Activities.PaymentHistoryActivity"
85-->src\main\AndroidManifest.xml:54:13-85
86            android:exported="true" />
86-->src\main\AndroidManifest.xml:55:13-36
87        <activity
87-->src\main\AndroidManifest.xml:56:9-58:39
88            android:name="com.ambitious.fghvendor.Activities.MarketPriceHomeActivity"
88-->src\main\AndroidManifest.xml:57:13-86
89            android:exported="true" />
89-->src\main\AndroidManifest.xml:58:13-36
90        <activity
90-->src\main\AndroidManifest.xml:59:9-61:39
91            android:name="com.ambitious.fghvendor.Activities.BankDetailsActivity"
91-->src\main\AndroidManifest.xml:60:13-82
92            android:exported="true" />
92-->src\main\AndroidManifest.xml:61:13-36
93        <activity
93-->src\main\AndroidManifest.xml:62:9-64:39
94            android:name="com.ambitious.fghvendor.Activities.MarketPricesSignupActivity"
94-->src\main\AndroidManifest.xml:63:13-89
95            android:exported="true" />
95-->src\main\AndroidManifest.xml:64:13-36
96        <activity
96-->src\main\AndroidManifest.xml:65:9-67:39
97            android:name="com.ambitious.fghvendor.Activities.MarketPricesLoginActivity"
97-->src\main\AndroidManifest.xml:66:13-88
98            android:exported="true" />
98-->src\main\AndroidManifest.xml:67:13-36
99        <activity
99-->src\main\AndroidManifest.xml:68:9-70:39
100            android:name="com.ambitious.fghvendor.Activities.MarketPricesActivity"
100-->src\main\AndroidManifest.xml:69:13-83
101            android:exported="true" />
101-->src\main\AndroidManifest.xml:70:13-36
102        <activity
102-->src\main\AndroidManifest.xml:71:9-73:39
103            android:name="com.ambitious.fghvendor.Activities.DeliveryBoyHomeActivity"
103-->src\main\AndroidManifest.xml:72:13-86
104            android:exported="true" />
104-->src\main\AndroidManifest.xml:73:13-36
105        <activity
105-->src\main\AndroidManifest.xml:74:9-76:39
106            android:name="com.ambitious.fghvendor.Activities.DeliveryBoySignupActivity"
106-->src\main\AndroidManifest.xml:75:13-88
107            android:exported="true" />
107-->src\main\AndroidManifest.xml:76:13-36
108        <activity
108-->src\main\AndroidManifest.xml:77:9-79:39
109            android:name="com.ambitious.fghvendor.Activities.DeliveryBoyProfileActivity"
109-->src\main\AndroidManifest.xml:78:13-89
110            android:exported="true" />
110-->src\main\AndroidManifest.xml:79:13-36
111        <activity
111-->src\main\AndroidManifest.xml:80:9-82:39
112            android:name="com.ambitious.fghvendor.Activities.DeloveryBoyLoginActivity"
112-->src\main\AndroidManifest.xml:81:13-87
113            android:exported="true" />
113-->src\main\AndroidManifest.xml:82:13-36
114        <activity
114-->src\main\AndroidManifest.xml:83:9-85:39
115            android:name="com.ambitious.fghvendor.Activities.DeliveryBoyActivity"
115-->src\main\AndroidManifest.xml:84:13-82
116            android:exported="true" />
116-->src\main\AndroidManifest.xml:85:13-36
117        <activity
117-->src\main\AndroidManifest.xml:86:9-88:39
118            android:name="com.ambitious.fghvendor.Activities.VehicleSignupActivity"
118-->src\main\AndroidManifest.xml:87:13-84
119            android:exported="true" />
119-->src\main\AndroidManifest.xml:88:13-36
120        <activity
120-->src\main\AndroidManifest.xml:89:9-91:39
121            android:name="com.ambitious.fghvendor.Activities.VehicleHomeActivity"
121-->src\main\AndroidManifest.xml:90:13-82
122            android:exported="true" />
122-->src\main\AndroidManifest.xml:91:13-36
123        <activity
123-->src\main\AndroidManifest.xml:92:9-94:39
124            android:name="com.ambitious.fghvendor.Activities.VehicleLoginActivity"
124-->src\main\AndroidManifest.xml:93:13-83
125            android:exported="true" />
125-->src\main\AndroidManifest.xml:94:13-36
126        <activity
126-->src\main\AndroidManifest.xml:95:9-97:39
127            android:name="com.ambitious.fghvendor.Activities.VehiclesActivity"
127-->src\main\AndroidManifest.xml:96:13-79
128            android:exported="true" />
128-->src\main\AndroidManifest.xml:97:13-36
129        <activity
129-->src\main\AndroidManifest.xml:98:9-100:39
130            android:name="com.ambitious.fghvendor.Activities.FoodBankSignupActivity"
130-->src\main\AndroidManifest.xml:99:13-85
131            android:exported="true" />
131-->src\main\AndroidManifest.xml:100:13-36
132        <activity
132-->src\main\AndroidManifest.xml:101:9-103:39
133            android:name="com.ambitious.fghvendor.Activities.FoodBankHomeActivity"
133-->src\main\AndroidManifest.xml:102:13-83
134            android:exported="true" />
134-->src\main\AndroidManifest.xml:103:13-36
135        <activity
135-->src\main\AndroidManifest.xml:104:9-106:39
136            android:name="com.ambitious.fghvendor.Activities.FoodBankLoginActivity"
136-->src\main\AndroidManifest.xml:105:13-84
137            android:exported="true" />
137-->src\main\AndroidManifest.xml:106:13-36
138        <activity
138-->src\main\AndroidManifest.xml:107:9-109:39
139            android:name="com.ambitious.fghvendor.Activities.FoodBankProfileActivity"
139-->src\main\AndroidManifest.xml:108:13-86
140            android:exported="true" />
140-->src\main\AndroidManifest.xml:109:13-36
141        <activity
141-->src\main\AndroidManifest.xml:110:9-112:39
142            android:name="com.ambitious.fghvendor.Activities.FoodBankActivity"
142-->src\main\AndroidManifest.xml:111:13-79
143            android:exported="true" />
143-->src\main\AndroidManifest.xml:112:13-36
144        <activity
144-->src\main\AndroidManifest.xml:113:9-115:39
145            android:name="com.ambitious.fghvendor.Activities.SanitizationProfileActivity"
145-->src\main\AndroidManifest.xml:114:13-90
146            android:exported="true" />
146-->src\main\AndroidManifest.xml:115:13-36
147        <activity
147-->src\main\AndroidManifest.xml:116:9-118:39
148            android:name="com.ambitious.fghvendor.Activities.SanitizationHomeActivity"
148-->src\main\AndroidManifest.xml:117:13-87
149            android:exported="true" />
149-->src\main\AndroidManifest.xml:118:13-36
150        <activity
150-->src\main\AndroidManifest.xml:119:9-121:39
151            android:name="com.ambitious.fghvendor.Activities.SanitizationSignupActivity"
151-->src\main\AndroidManifest.xml:120:13-89
152            android:exported="true" />
152-->src\main\AndroidManifest.xml:121:13-36
153        <activity
153-->src\main\AndroidManifest.xml:122:9-124:39
154            android:name="com.ambitious.fghvendor.Activities.SanitizationLoginActivity"
154-->src\main\AndroidManifest.xml:123:13-88
155            android:exported="true" />
155-->src\main\AndroidManifest.xml:124:13-36
156        <activity
156-->src\main\AndroidManifest.xml:125:9-127:39
157            android:name="com.ambitious.fghvendor.Activities.SanitizationServiceActivity"
157-->src\main\AndroidManifest.xml:126:13-90
158            android:exported="true" />
158-->src\main\AndroidManifest.xml:127:13-36
159        <activity
159-->src\main\AndroidManifest.xml:128:9-130:39
160            android:name="com.ambitious.fghvendor.Activities.HelpingSoldierSignupActivity"
160-->src\main\AndroidManifest.xml:129:13-91
161            android:exported="true" />
161-->src\main\AndroidManifest.xml:130:13-36
162        <activity
162-->src\main\AndroidManifest.xml:131:9-133:39
163            android:name="com.ambitious.fghvendor.Activities.HelpingSoldierHomeActivity"
163-->src\main\AndroidManifest.xml:132:13-89
164            android:exported="true" />
164-->src\main\AndroidManifest.xml:133:13-36
165        <activity
165-->src\main\AndroidManifest.xml:134:9-136:39
166            android:name="com.ambitious.fghvendor.Activities.HelpingSoldierLoginActivity"
166-->src\main\AndroidManifest.xml:135:13-90
167            android:exported="true" />
167-->src\main\AndroidManifest.xml:136:13-36
168        <activity
168-->src\main\AndroidManifest.xml:137:9-139:39
169            android:name="com.ambitious.fghvendor.Activities.HelpingSoldierProfileActivity"
169-->src\main\AndroidManifest.xml:138:13-92
170            android:exported="true" />
170-->src\main\AndroidManifest.xml:139:13-36
171        <activity
171-->src\main\AndroidManifest.xml:140:9-142:39
172            android:name="com.ambitious.fghvendor.Activities.HelpingSoldierActivity"
172-->src\main\AndroidManifest.xml:141:13-85
173            android:exported="true" />
173-->src\main\AndroidManifest.xml:142:13-36
174        <activity
174-->src\main\AndroidManifest.xml:143:9-145:39
175            android:name="com.ambitious.fghvendor.Activities.OxygenBankSignupActivity"
175-->src\main\AndroidManifest.xml:144:13-87
176            android:exported="true" />
176-->src\main\AndroidManifest.xml:145:13-36
177        <activity
177-->src\main\AndroidManifest.xml:146:9-148:39
178            android:name="com.ambitious.fghvendor.Activities.OxygenBankHomeActivity"
178-->src\main\AndroidManifest.xml:147:13-85
179            android:exported="true" />
179-->src\main\AndroidManifest.xml:148:13-36
180        <activity
180-->src\main\AndroidManifest.xml:149:9-151:39
181            android:name="com.ambitious.fghvendor.Activities.OxygenBankLoginActivity"
181-->src\main\AndroidManifest.xml:150:13-86
182            android:exported="true" />
182-->src\main\AndroidManifest.xml:151:13-36
183        <activity
183-->src\main\AndroidManifest.xml:152:9-154:39
184            android:name="com.ambitious.fghvendor.Activities.OxygenBankProfileActivity"
184-->src\main\AndroidManifest.xml:153:13-88
185            android:exported="true" />
185-->src\main\AndroidManifest.xml:154:13-36
186        <activity
186-->src\main\AndroidManifest.xml:155:9-157:39
187            android:name="com.ambitious.fghvendor.Activities.OxygenBankListActivity"
187-->src\main\AndroidManifest.xml:156:13-85
188            android:exported="true" />
188-->src\main\AndroidManifest.xml:157:13-36
189        <activity
189-->src\main\AndroidManifest.xml:158:9-160:39
190            android:name="com.ambitious.fghvendor.Activities.VideoViewActivity"
190-->src\main\AndroidManifest.xml:159:13-80
191            android:exported="true" />
191-->src\main\AndroidManifest.xml:160:13-36
192        <activity
192-->src\main\AndroidManifest.xml:161:9-177:20
193            android:name="com.ambitious.fghvendor.Activities.CovidWinnersActivity"
193-->src\main\AndroidManifest.xml:162:13-83
194            android:exported="true" >
194-->src\main\AndroidManifest.xml:163:13-36
195            <intent-filter
195-->src\main\AndroidManifest.xml:164:13-176:29
196                android:autoVerify="true"
196-->src\main\AndroidManifest.xml:165:17-42
197                android:label="@string/app_name" >
197-->src\main\AndroidManifest.xml:166:17-49
198                <action android:name="android.intent.action.VIEW" />
198-->src\main\AndroidManifest.xml:167:17-69
198-->src\main\AndroidManifest.xml:167:25-66
199
200                <category android:name="android.intent.category.DEFAULT" />
200-->src\main\AndroidManifest.xml:169:17-76
200-->src\main\AndroidManifest.xml:169:27-73
201                <category android:name="android.intent.category.BROWSABLE" />
201-->src\main\AndroidManifest.xml:170:17-78
201-->src\main\AndroidManifest.xml:170:27-75
202                <!-- https://fghdoctors.com/fitnessvideo/ -->
203                <data
203-->src\main\AndroidManifest.xml:172:17-175:46
204                    android:host="fghdoctors.com"
204-->src\main\AndroidManifest.xml:173:21-50
205                    android:pathPrefix="/fitnessvideo"
205-->src\main\AndroidManifest.xml:174:21-55
206                    android:scheme="https" />
206-->src\main\AndroidManifest.xml:175:21-43
207            </intent-filter>
208        </activity>
209        <activity
209-->src\main\AndroidManifest.xml:178:9-180:39
210            android:name="com.ambitious.fghvendor.Activities.CovidServicesActivity"
210-->src\main\AndroidManifest.xml:179:13-84
211            android:exported="true" />
211-->src\main\AndroidManifest.xml:180:13-36
212        <activity
212-->src\main\AndroidManifest.xml:181:9-183:39
213            android:name="com.ambitious.fghvendor.Activities.AddNotificationActivity"
213-->src\main\AndroidManifest.xml:182:13-86
214            android:exported="true" />
214-->src\main\AndroidManifest.xml:183:13-36
215        <activity
215-->src\main\AndroidManifest.xml:184:9-200:20
216            android:name="com.ambitious.fghvendor.Activities.NotificationDetailActivity"
216-->src\main\AndroidManifest.xml:185:13-89
217            android:exported="true" >
217-->src\main\AndroidManifest.xml:186:13-36
218            <intent-filter
218-->src\main\AndroidManifest.xml:187:13-199:29
219                android:autoVerify="true"
219-->src\main\AndroidManifest.xml:188:17-42
220                android:label="@string/app_name" >
220-->src\main\AndroidManifest.xml:189:17-49
221                <action android:name="android.intent.action.VIEW" />
221-->src\main\AndroidManifest.xml:167:17-69
221-->src\main\AndroidManifest.xml:167:25-66
222
223                <category android:name="android.intent.category.DEFAULT" />
223-->src\main\AndroidManifest.xml:169:17-76
223-->src\main\AndroidManifest.xml:169:27-73
224                <category android:name="android.intent.category.BROWSABLE" />
224-->src\main\AndroidManifest.xml:170:17-78
224-->src\main\AndroidManifest.xml:170:27-75
225                <!-- http://fghdoctors.com/liveupdates/ -->
226                <data
226-->src\main\AndroidManifest.xml:172:17-175:46
227                    android:host="fghdoctors.com"
227-->src\main\AndroidManifest.xml:173:21-50
228                    android:pathPrefix="/liveupdates"
228-->src\main\AndroidManifest.xml:174:21-55
229                    android:scheme="https" />
229-->src\main\AndroidManifest.xml:175:21-43
230            </intent-filter>
231        </activity>
232        <activity
232-->src\main\AndroidManifest.xml:201:9-203:39
233            android:name="com.ambitious.fghvendor.Activities.NotificationActivity"
233-->src\main\AndroidManifest.xml:202:13-83
234            android:exported="true" />
234-->src\main\AndroidManifest.xml:203:13-36
235        <activity
235-->src\main\AndroidManifest.xml:204:9-206:39
236            android:name="com.ambitious.fghvendor.Activities.ReferActivity"
236-->src\main\AndroidManifest.xml:205:13-76
237            android:exported="true" />
237-->src\main\AndroidManifest.xml:206:13-36
238        <activity
238-->src\main\AndroidManifest.xml:207:9-209:39
239            android:name="com.ambitious.fghvendor.Activities.NewAppointmentCategoryListActivity"
239-->src\main\AndroidManifest.xml:208:13-97
240            android:exported="true" />
240-->src\main\AndroidManifest.xml:209:13-36
241        <activity
241-->src\main\AndroidManifest.xml:210:9-212:39
242            android:name="com.ambitious.fghvendor.Activities.ViewReviewsActivity"
242-->src\main\AndroidManifest.xml:211:13-82
243            android:exported="true" />
243-->src\main\AndroidManifest.xml:212:13-36
244        <activity
244-->src\main\AndroidManifest.xml:213:9-215:39
245            android:name="com.ambitious.fghvendor.Activities.AppointmentDetailActivity"
245-->src\main\AndroidManifest.xml:214:13-88
246            android:exported="true" />
246-->src\main\AndroidManifest.xml:215:13-36
247        <activity
247-->src\main\AndroidManifest.xml:216:9-218:39
248            android:name="com.ambitious.fghvendor.Activities.WebviewActivity"
248-->src\main\AndroidManifest.xml:217:13-78
249            android:exported="true" />
249-->src\main\AndroidManifest.xml:218:13-36
250        <activity
250-->src\main\AndroidManifest.xml:219:9-221:39
251            android:name="com.ambitious.fghvendor.Activities.ReportListActivity"
251-->src\main\AndroidManifest.xml:220:13-81
252            android:exported="true" />
252-->src\main\AndroidManifest.xml:221:13-36
253        <activity
253-->src\main\AndroidManifest.xml:222:9-224:39
254            android:name="com.ambitious.fghvendor.Activities.ReportsActivity"
254-->src\main\AndroidManifest.xml:223:13-78
255            android:exported="true" />
255-->src\main\AndroidManifest.xml:224:13-36
256        <activity
256-->src\main\AndroidManifest.xml:225:9-227:39
257            android:name="com.ambitious.fghvendor.Activities.LabUpdateActivity"
257-->src\main\AndroidManifest.xml:226:13-80
258            android:exported="true" />
258-->src\main\AndroidManifest.xml:227:13-36
259        <activity
259-->src\main\AndroidManifest.xml:228:9-230:39
260            android:name="com.ambitious.fghvendor.Activities.LabsProfileActivity"
260-->src\main\AndroidManifest.xml:229:13-82
261            android:exported="true" />
261-->src\main\AndroidManifest.xml:230:13-36
262        <activity
262-->src\main\AndroidManifest.xml:231:9-233:39
263            android:name="com.ambitious.fghvendor.Activities.LabsSignupActivity"
263-->src\main\AndroidManifest.xml:232:13-81
264            android:exported="true" />
264-->src\main\AndroidManifest.xml:233:13-36
265        <activity
265-->src\main\AndroidManifest.xml:234:9-236:39
266            android:name="com.ambitious.fghvendor.Activities.LabsHomeActivity"
266-->src\main\AndroidManifest.xml:235:13-79
267            android:exported="true" />
267-->src\main\AndroidManifest.xml:236:13-36
268        <activity
268-->src\main\AndroidManifest.xml:237:9-239:39
269            android:name="com.ambitious.fghvendor.Activities.LabLoginActivity"
269-->src\main\AndroidManifest.xml:238:13-79
270            android:exported="true" />
270-->src\main\AndroidManifest.xml:239:13-36
271        <activity
271-->src\main\AndroidManifest.xml:240:9-242:39
272            android:name="com.ambitious.fghvendor.Activities.LabListActivity"
272-->src\main\AndroidManifest.xml:241:13-78
273            android:exported="true" />
273-->src\main\AndroidManifest.xml:242:13-36
274        <activity
274-->src\main\AndroidManifest.xml:243:9-245:39
275            android:name="com.ambitious.fghvendor.Activities.RepresentativeBookingActivity"
275-->src\main\AndroidManifest.xml:244:13-92
276            android:exported="true" />
276-->src\main\AndroidManifest.xml:245:13-36
277        <activity
277-->src\main\AndroidManifest.xml:246:9-248:39
278            android:name="com.ambitious.fghvendor.Activities.VatinaryDoctorHomeActivity"
278-->src\main\AndroidManifest.xml:247:13-89
279            android:exported="true" />
279-->src\main\AndroidManifest.xml:248:13-36
280        <activity
280-->src\main\AndroidManifest.xml:249:9-251:39
281            android:name="com.ambitious.fghvendor.Activities.RMPDoctorHomeActivity"
281-->src\main\AndroidManifest.xml:250:13-84
282            android:exported="true" />
282-->src\main\AndroidManifest.xml:251:13-36
283        <activity
283-->src\main\AndroidManifest.xml:252:9-254:39
284            android:name="com.ambitious.fghvendor.Activities.VaterinaryUpdateActivity"
284-->src\main\AndroidManifest.xml:253:13-87
285            android:exported="true" />
285-->src\main\AndroidManifest.xml:254:13-36
286        <activity
286-->src\main\AndroidManifest.xml:255:9-257:39
287            android:name="com.ambitious.fghvendor.Activities.VaterinarySignupActivity"
287-->src\main\AndroidManifest.xml:256:13-87
288            android:exported="true" />
288-->src\main\AndroidManifest.xml:257:13-36
289        <activity
289-->src\main\AndroidManifest.xml:258:9-260:39
290            android:name="com.ambitious.fghvendor.Activities.VaterinaryLoginActivity"
290-->src\main\AndroidManifest.xml:259:13-86
291            android:exported="true" />
291-->src\main\AndroidManifest.xml:260:13-36
292        <activity
292-->src\main\AndroidManifest.xml:261:9-263:39
293            android:name="com.ambitious.fghvendor.Activities.VaterinaryDoctorProfileActivity"
293-->src\main\AndroidManifest.xml:262:13-94
294            android:exported="true" />
294-->src\main\AndroidManifest.xml:263:13-36
295        <activity
295-->src\main\AndroidManifest.xml:264:9-266:39
296            android:name="com.ambitious.fghvendor.Activities.VaterinaryDoctorListActivity"
296-->src\main\AndroidManifest.xml:265:13-91
297            android:exported="true" />
297-->src\main\AndroidManifest.xml:266:13-36
298        <activity
298-->src\main\AndroidManifest.xml:267:9-269:39
299            android:name="com.ambitious.fghvendor.Activities.RMPDoctorProfileActivity"
299-->src\main\AndroidManifest.xml:268:13-87
300            android:exported="true" />
300-->src\main\AndroidManifest.xml:269:13-36
301        <activity
301-->src\main\AndroidManifest.xml:270:9-272:39
302            android:name="com.ambitious.fghvendor.Activities.RMPUpateActivity"
302-->src\main\AndroidManifest.xml:271:13-79
303            android:exported="true" />
303-->src\main\AndroidManifest.xml:272:13-36
304        <activity
304-->src\main\AndroidManifest.xml:273:9-275:39
305            android:name="com.ambitious.fghvendor.Activities.RMPSignupActivity"
305-->src\main\AndroidManifest.xml:274:13-80
306            android:exported="true" />
306-->src\main\AndroidManifest.xml:275:13-36
307        <activity
307-->src\main\AndroidManifest.xml:276:9-278:39
308            android:name="com.ambitious.fghvendor.Activities.RMPLoginActivity"
308-->src\main\AndroidManifest.xml:277:13-79
309            android:exported="true" />
309-->src\main\AndroidManifest.xml:278:13-36
310        <activity
310-->src\main\AndroidManifest.xml:279:9-281:39
311            android:name="com.ambitious.fghvendor.Activities.RMPDoctorListActivity"
311-->src\main\AndroidManifest.xml:280:13-84
312            android:exported="true" />
312-->src\main\AndroidManifest.xml:281:13-36
313        <activity
313-->src\main\AndroidManifest.xml:282:9-284:39
314            android:name="com.ambitious.fghvendor.Activities.PatientDetailActivity"
314-->src\main\AndroidManifest.xml:283:13-84
315            android:exported="true" />
315-->src\main\AndroidManifest.xml:284:13-36
316        <activity
316-->src\main\AndroidManifest.xml:285:9-287:39
317            android:name="com.ambitious.fghvendor.Activities.AddPatientActivity"
317-->src\main\AndroidManifest.xml:286:13-81
318            android:exported="true" />
318-->src\main\AndroidManifest.xml:287:13-36
319        <activity
319-->src\main\AndroidManifest.xml:288:9-290:39
320            android:name="com.ambitious.fghvendor.Activities.PatientListActivity"
320-->src\main\AndroidManifest.xml:289:13-82
321            android:exported="true" />
321-->src\main\AndroidManifest.xml:290:13-36
322        <activity
322-->src\main\AndroidManifest.xml:291:9-293:39
323            android:name="com.ambitious.fghvendor.Activities.MedicalHomeActivity"
323-->src\main\AndroidManifest.xml:292:13-82